<?xml version="1.0" encoding="UTF-8"?>
<coverage generated="1686725864283" clover="3.2.0">
  <project timestamp="1686725864283" name="All files">
    <metrics statements="7" coveredstatements="4" conditionals="0" coveredconditionals="0" methods="3" coveredmethods="1" elements="10" coveredelements="5" complexity="0" loc="7" ncloc="7" packages="1" files="1" classes="1"/>
    <file name="for_testing.js" path="E:\Oher course\University-of-Helsinki-FullStackOpen\part4\bloglist\utils\for_testing.js">
      <metrics statements="7" coveredstatements="4" conditionals="0" coveredconditionals="0" methods="3" coveredmethods="1"/>
      <line num="1" count="1" type="stmt"/>
      <line num="2" count="3" type="stmt"/>
      <line num="8" count="1" type="stmt"/>
      <line num="9" count="0" type="stmt"/>
      <line num="10" count="0" type="stmt"/>
      <line num="13" count="0" type="stmt"/>
      <line num="16" count="1" type="stmt"/>
    </file>
  </project>
</coverage>
