{"E:\\Oher course\\University-of-Helsinki-FullStackOpen\\part4\\bloglist\\utils\\for_testing.js": {"path":"E:\\Oher course\\University-of-Helsinki-FullStackOpen\\part4\\bloglist\\utils\\for_testing.js","statementMap":{"0":{"start":{"line":1,"column":16},"end":{"line":6,"column":1}},"1":{"start":{"line":2,"column":2},"end":{"line":5,"column":13}},"2":{"start":{"line":8,"column":16},"end":{"line":14,"column":1}},"3":{"start":{"line":9,"column":18},"end":{"line":11,"column":3}},"4":{"start":{"line":10,"column":4},"end":{"line":10,"column":21}},"5":{"start":{"line":13,"column":2},"end":{"line":13,"column":48}},"6":{"start":{"line":16,"column":0},"end":{"line":19,"column":1}}},"fnMap":{"0":{"name":"(anonymous_0)","decl":{"start":{"line":1,"column":16},"end":{"line":1,"column":17}},"loc":{"start":{"line":1,"column":28},"end":{"line":6,"column":1}},"line":1},"1":{"name":"(anonymous_1)","decl":{"start":{"line":8,"column":16},"end":{"line":8,"column":17}},"loc":{"start":{"line":8,"column":27},"end":{"line":14,"column":1}},"line":8},"2":{"name":"(anonymous_2)","decl":{"start":{"line":9,"column":18},"end":{"line":9,"column":19}},"loc":{"start":{"line":9,"column":33},"end":{"line":11,"column":3}},"line":9}},"branchMap":{},"s":{"0":1,"1":3,"2":1,"3":0,"4":0,"5":0,"6":1},"f":{"0":3,"1":0,"2":0},"b":{},"_coverageSchema":"1a1c01bbd47fc00a2c39e90264f33305004495a9","hash":"0af4e3eacc50a30ab008cd2d32957969301d8ed4"}
}
